<?xml version="1.0" encoding="UTF-8"?>
<!-- Generated by org.testng.reporters.JUnitReportReporter -->
<testsuite hostname="C02T41UXG8WL" name="com.mcoe.common.framework.UITestCase" tests="3" failures="0" timestamp="7 Feb 2018 13:39:27 GMT" time="71.549" errors="0">
  <testcase name="testNavigateToMemberSignIN" time="22.448" classname="com.mcoe.common.framework.UITestCase"/>
  <testcase name="testAppLaunch" time="27.739" classname="com.mcoe.common.framework.UITestCase"/>
  <testcase name="testIfScreenIsValid" time="21.362" classname="com.mcoe.common.framework.UITestCase"/>
</testsuite> <!-- com.mcoe.common.framework.UITestCase -->
