<?xml version="1.0" encoding="UTF-8"?>
<!-- Generated by org.testng.reporters.JUnitReportReporter -->
<testsuite hostname="C02T41UXG8WL" name="com.mcoe.test.SignInToApp_Android_PNMA509_944_iOS_PNMA2_1372" tests="1" failures="0" timestamp="8 Feb 2018 09:31:25 GMT" time="47.198" errors="0">
  <testcase name="testSignInToApp_HappyPath" time="47.198" classname="com.mcoe.test.SignInToApp_Android_PNMA509_944_iOS_PNMA2_1372"/>
</testsuite> <!-- com.mcoe.test.SignInToApp_Android_PNMA509_944_iOS_PNMA2_1372 -->
