<?xml version="1.0" encoding="UTF-8"?>
<!-- Generated by org.testng.reporters.JUnitReportReporter -->
<testsuite hostname="C02T41UXG8WL" name="com.mcoe.common.framework.TestDataProviderTest" tests="15" failures="0" timestamp="6 Feb 2018 10:39:13 GMT" time="163.180" errors="0">
  <testcase name="testExcelDataProvider2" time="11.019" classname="com.mcoe.common.framework.TestDataProviderTest"/>
  <testcase name="testReadDataFromExcel" time="10.315" classname="com.mcoe.common.framework.TestDataProviderTest"/>
  <testcase name="testExcelDataProvider" time="9.582" classname="com.mcoe.common.framework.TestDataProviderTest"/>
  <testcase name="testJSONDataProvider2" time="9.867" classname="com.mcoe.common.framework.TestDataProviderTest"/>
  <testcase name="testExcelDataProvider" time="11.876" classname="com.mcoe.common.framework.TestDataProviderTest"/>
  <testcase name="testExcelDataProvider2" time="10.153" classname="com.mcoe.common.framework.TestDataProviderTest"/>
  <testcase name="testJSONDataProvider" time="12.207" classname="com.mcoe.common.framework.TestDataProviderTest"/>
  <testcase name="testReadDataFromJSON" time="9.767" classname="com.mcoe.common.framework.TestDataProviderTest"/>
  <testcase name="testExcelDataProvider2" time="15.628" classname="com.mcoe.common.framework.TestDataProviderTest"/>
  <testcase name="testDataProvider" time="10.543" classname="com.mcoe.common.framework.TestDataProviderTest"/>
  <testcase name="testExcelDataProvider" time="11.110" classname="com.mcoe.common.framework.TestDataProviderTest"/>
  <testcase name="testExcelDataProvider2" time="9.953" classname="com.mcoe.common.framework.TestDataProviderTest"/>
  <testcase name="testJSONDataProvider2" time="9.845" classname="com.mcoe.common.framework.TestDataProviderTest"/>
  <testcase name="testJSONDataProvider3" time="10.248" classname="com.mcoe.common.framework.TestDataProviderTest"/>
  <testcase name="testJSONDataProvider3" time="11.067" classname="com.mcoe.common.framework.TestDataProviderTest"/>
</testsuite> <!-- com.mcoe.common.framework.TestDataProviderTest -->
